<?xml version="1.0" encoding="UTF-8"?>
<testsuite name="TestSuite" time="203.734" tests="12" errors="0" skipped="6" failures="3">
  <properties>
[...]
</properties>
  <testcase name="login" classname="com.powa.testcases.Login" time="14.485"/>
  <testcase name="logout" classname="com.powa.testcases.Logout" time="14.062"/>
  <testcase name="verifySubTab" classname="com.powa.testcases.MenuTab" time="11.89"/>
  <testcase name="addProduct" classname="com.powa.testcases.AddProduct" time="40.5">
    <failure message="AddProduct_Cancel_Button_xpath is not present" type="java.lang.AssertionError">java.lang.AssertionError: AddProduct_Cancel_Button_xpath is not present
	at org.testng.Assert.fail(Assert.java:94)
	at com.powa.libraries.Asserations.isElementPresent(Asserations.java:16)
	at com.powa.libraries.ElementRepositary.click(ElementRepositary.java:79)
	at com.powa.testcases.AddProduct.addProduct(AddProduct.java:26)
</failure>
    <system-out><![CDATA[Searched productName iPhone 6
Added product is deleted
]]></system-out>
  </testcase>
  <testcase name="verifyAddedProduct" classname="com.powa.testcases.AddedProductOnSite" time="51.203">
    <failure message="PreviewWebsite_Added_Product_name_xpath is not present" type="java.lang.AssertionError">java.lang.AssertionError: PreviewWebsite_Added_Product_name_xpath is not present
	at org.testng.Assert.fail(Assert.java:94)
	at com.powa.libraries.Asserations.isElementPresent(Asserations.java:16)
	at com.powa.libraries.Asserations.isTextPresent(Asserations.java:39)
	at com.powa.testcases.AddedProductOnSite.verifyAddedProduct(AddedProductOnSite.java:36)
</failure>
  </testcase>
  <testcase name="logout" classname="com.powa.testcases.AddedProductOnSite" time="71.594">
    <failure message="home_logout_link_id is not present" type="java.lang.AssertionError">java.lang.AssertionError: home_logout_link_id is not present
	at org.testng.Assert.fail(Assert.java:94)
	at com.powa.libraries.Asserations.isElementPresent(Asserations.java:16)
	at com.powa.libraries.ElementRepositary.click(ElementRepositary.java:79)
	at com.powa.testcases.AddedProductOnSite.logout(AddedProductOnSite.java:51)
</failure>
  </testcase>
  <testcase name="tearDown" classname="com.powa.testcases.AddedProductOnSite" time="0">
    <skipped/>
  </testcase>
  <testcase name="setUp" classname="com.powa.testcases.AddPayment" time="0">
    <skipped/>
  </testcase>
  <testcase name="login" classname="com.powa.testcases.AddPayment" time="0">
    <skipped/>
  </testcase>
  <testcase name="addPayment" classname="com.powa.testcases.AddPayment" time="0">
    <skipped/>
  </testcase>
  <testcase name="logout" classname="com.powa.testcases.AddPayment" time="0">
    <skipped/>
  </testcase>
  <testcase name="tearDown" classname="com.powa.testcases.AddPayment" time="0">
    <skipped/>
  </testcase>
</testsuite>